ERROR:root:HTTP Error 403: Forbidden
Traceback (most recent call last):
  File "C:\Users\Windows 10\PycharmProjects\Python_basic_practice\webscrap\wscrap.py", line 32, in retrieve_webpage
    html = urlopen(self.__url)
  File "C:\Program Files\Python39\lib\urllib\request.py", line 214, in urlopen
    return opener.open(url, data, timeout)
  File "C:\Program Files\Python39\lib\urllib\request.py", line 523, in open
    response = meth(req, response)
  File "C:\Program Files\Python39\lib\urllib\request.py", line 632, in http_response
    response = self.parent.error(
  File "C:\Program Files\Python39\lib\urllib\request.py", line 561, in error
    return self._call_chain(*args)
  File "C:\Program Files\Python39\lib\urllib\request.py", line 494, in _call_chain
    result = func(*args)
  File "C:\Program Files\Python39\lib\urllib\request.py", line 641, in http_error_default
    raise HTTPError(req.full_url, code, msg, hdrs, fp)
urllib.error.HTTPError: HTTP Error 403: Forbidden
ERROR:root:HTTP Error 403: Forbidden
Traceback (most recent call last):
  File "C:\Users\Windows 10\PycharmProjects\Python_basic_practice\webscrap\wscrap.py", line 33, in retrieve_webpage
    html = urlopen(self.__url)
  File "C:\Program Files\Python39\lib\urllib\request.py", line 214, in urlopen
    return opener.open(url, data, timeout)
  File "C:\Program Files\Python39\lib\urllib\request.py", line 523, in open
    response = meth(req, response)
  File "C:\Program Files\Python39\lib\urllib\request.py", line 632, in http_response
    response = self.parent.error(
  File "C:\Program Files\Python39\lib\urllib\request.py", line 561, in error
    return self._call_chain(*args)
  File "C:\Program Files\Python39\lib\urllib\request.py", line 494, in _call_chain
    result = func(*args)
  File "C:\Program Files\Python39\lib\urllib\request.py", line 641, in http_error_default
    raise HTTPError(req.full_url, code, msg, hdrs, fp)
urllib.error.HTTPError: HTTP Error 403: Forbidden
ERROR:root:write() argument must be str, not bytes
Traceback (most recent call last):
  File "C:\Users\Windows 10\PycharmProjects\Python_basic_practice\webscrap\wscrap.py", line 49, in write_webpage_as_html
    fobj.write(self.__data)
TypeError: write() argument must be str, not bytes
